============================= test session starts ==============================
collecting ... collected 21 items

test_poisson/test_2d_poisson.py::Test2DPoisson::test_sph_harm_l5m3[wu_sor] FAILED
test_poisson/test_2d_poisson.py::Test2DPoisson::test_sph_harm_l5m3[xinvert] FAILED
test_poisson/test_2d_poisson.py::Test2DPoisson::test_sph_harm_l5m3[xinvert_mg] FAILED
test_poisson/test_2d_poisson.py::Test2DPoisson::test_sph_harm_l5m3[spectral_sh] FAILED
test_poisson/test_2d_poisson.py::Test2DPoisson::test_sph_harm_l5m3[pvtend_fft] FAILED
test_poisson/test_2d_poisson.py::Test2DPoisson::test_gaussian_wu[wu_sor] FAILED
test_poisson/test_2d_poisson.py::Test2DPoisson::test_gaussian_wu[xinvert] FAILED
test_poisson/test_2d_poisson.py::Test2DPoisson::test_gaussian_wu[xinvert_mg] FAILED
test_poisson/test_2d_poisson.py::Test2DPoisson::test_gaussian_wu[spectral_sh] FAILED
test_poisson/test_2d_poisson.py::Test2DPoisson::test_gaussian_wu[pvtend_fft] FAILED
test_poisson/test_2d_poisson.py::Test2DPoisson::test_era5_500hpa[wu_sor] 
  wu_sor          residual=2.0210e-04  rel_res=7.0136e-02  dt=0.238s
PASSED
test_poisson/test_2d_poisson.py::Test2DPoisson::test_era5_500hpa[xinvert] FAILED
test_poisson/test_2d_poisson.py::Test2DPoisson::test_era5_500hpa[xinvert_mg] FAILED
test_poisson/test_2d_poisson.py::Test2DPoisson::test_era5_500hpa[spectral_sh] FAILED
test_poisson/test_2d_poisson.py::Test2DPoisson::test_era5_500hpa[pvtend_fft] FAILED
test_poisson/test_3d_helmholtz.py::Test3DHelmholtz::test_sh_3d_helmholtz 
  SH 3-D:  L²=1.0512e+00  iters=100  converged=False
FAILED
test_poisson/test_3d_helmholtz.py::Test3DHelmholtz::test_wu_3d_helmholtz 
  Wu 3-D:  L²=9.9497e-01  iters=3  converged=True
FAILED
test_poisson/test_3d_helmholtz.py::Test3DHelmholtz::test_compare_residuals 
  SH  residual = 4.3452e+01 (100 outer iters)
  Wu  residual = 4.1127e+01 (3 outer iters)
PASSED
test_poisson/test_nonlinear_balnc.py::TestNonlinearBALNC::test_wu_inlin1_converges 
  Wu INLIN=1:  converged=True  n_outer=1  dt=0.2s
PASSED
test_poisson/test_nonlinear_balnc.py::TestNonlinearBALNC::test_spectral_inlin1_stable FAILED
test_poisson/test_nonlinear_balnc.py::TestNonlinearBALNC::test_compare_and_plot 
  ── Wu SOR BALNC (INLIN=1) ──
  ── Spectral SH BALNC (INLIN=1) ──
FAILED

=================================== FAILURES ===================================
___________________ Test2DPoisson.test_sph_harm_l5m3[wu_sor] ___________________
test_poisson/test_2d_poisson.py:211: in test_sph_harm_l5m3
    pole = _pole_error(psi, psi_exact, lat)
           ^^^^^^^^^^^^^^^^^^^^^^^^^^^^^^^^
test_poisson/test_2d_poisson.py:45: in _pole_error
    diff = (computed - exact).ravel()[mask]
           ^^^^^^^^^^^^^^^^^^^^^^^^^^^^^^^^
E   IndexError: boolean index did not match indexed array along axis 0; size of axis is 65160 but size of corresponding boolean axis is 181
__________________ Test2DPoisson.test_sph_harm_l5m3[xinvert] ___________________
test_poisson/test_2d_poisson.py:207: in test_sph_harm_l5m3
    psi, n_iter, _ = solver(zeta, lat, lon, psi_exact=psi_exact)
                     ^^^^^^^^^^^^^^^^^^^^^^^^^^^^^^^^^^^^^^^^^^^
test_poisson/test_2d_poisson.py:188: in <lambda>
    "xinvert": lambda r, la, lo, pe=None, **kw: _solve_xinvert(r, la, lo, with_mg=False),
                                                ^^^^^^^^^^^^^^^^^^^^^^^^^^^^^^^^^^^^^^^^
test_poisson/test_2d_poisson.py:100: in _solve_xinvert
    from xinvert import invert_Poisson
E   ModuleNotFoundError: No module named 'xinvert'
_________________ Test2DPoisson.test_sph_harm_l5m3[xinvert_mg] _________________
test_poisson/test_2d_poisson.py:207: in test_sph_harm_l5m3
    psi, n_iter, _ = solver(zeta, lat, lon, psi_exact=psi_exact)
                     ^^^^^^^^^^^^^^^^^^^^^^^^^^^^^^^^^^^^^^^^^^^
test_poisson/test_2d_poisson.py:189: in <lambda>
    "xinvert_mg": lambda r, la, lo, pe=None, **kw: _solve_xinvert(r, la, lo, with_mg=True),
                                                   ^^^^^^^^^^^^^^^^^^^^^^^^^^^^^^^^^^^^^^^
test_poisson/test_2d_poisson.py:100: in _solve_xinvert
    from xinvert import invert_Poisson
E   ModuleNotFoundError: No module named 'xinvert'
________________ Test2DPoisson.test_sph_harm_l5m3[spectral_sh] _________________
test_poisson/test_2d_poisson.py:211: in test_sph_harm_l5m3
    pole = _pole_error(psi, psi_exact, lat)
           ^^^^^^^^^^^^^^^^^^^^^^^^^^^^^^^^
test_poisson/test_2d_poisson.py:45: in _pole_error
    diff = (computed - exact).ravel()[mask]
           ^^^^^^^^^^^^^^^^^^^^^^^^^^^^^^^^
E   IndexError: boolean index did not match indexed array along axis 0; size of axis is 65160 but size of corresponding boolean axis is 181
_________________ Test2DPoisson.test_sph_harm_l5m3[pvtend_fft] _________________
test_poisson/test_2d_poisson.py:207: in test_sph_harm_l5m3
    psi, n_iter, _ = solver(zeta, lat, lon, psi_exact=psi_exact)
                     ^^^^^^^^^^^^^^^^^^^^^^^^^^^^^^^^^^^^^^^^^^^
test_poisson/test_2d_poisson.py:191: in <lambda>
    "pvtend_fft": lambda r, la, lo, pe=None, **kw: _solve_pvtend_fft(r, la, lo),
                                                   ^^^^^^^^^^^^^^^^^^^^^^^^^^^^
test_poisson/test_2d_poisson.py:164: in _solve_pvtend_fft
    chi_desc = solve_poisson_spherical_fft(
../pvtend/src/pvtend/helmholtz.py:368: in solve_poisson_spherical_fft
    raise ValueError("bc_south and bc_north required for neumann BCs")
E   ValueError: bc_south and bc_north required for neumann BCs
____________________ Test2DPoisson.test_gaussian_wu[wu_sor] ____________________
test_poisson/test_2d_poisson.py:236: in test_gaussian_wu
    assert l2 < 0.1, f"{solver_name}: L² error {l2:.4e} > 0.1"
E   AssertionError: wu_sor: L² error 1.0000e+00 > 0.1
E   assert 0.9999990818259488 < 0.1
___________________ Test2DPoisson.test_gaussian_wu[xinvert] ____________________
test_poisson/test_2d_poisson.py:230: in test_gaussian_wu
    psi, n_iter, _ = solver(zeta, wu_lat, wu_lon, psi_exact=psi_exact)
                     ^^^^^^^^^^^^^^^^^^^^^^^^^^^^^^^^^^^^^^^^^^^^^^^^^
test_poisson/test_2d_poisson.py:188: in <lambda>
    "xinvert": lambda r, la, lo, pe=None, **kw: _solve_xinvert(r, la, lo, with_mg=False),
                                                ^^^^^^^^^^^^^^^^^^^^^^^^^^^^^^^^^^^^^^^^
test_poisson/test_2d_poisson.py:100: in _solve_xinvert
    from xinvert import invert_Poisson
E   ModuleNotFoundError: No module named 'xinvert'
__________________ Test2DPoisson.test_gaussian_wu[xinvert_mg] __________________
test_poisson/test_2d_poisson.py:230: in test_gaussian_wu
    psi, n_iter, _ = solver(zeta, wu_lat, wu_lon, psi_exact=psi_exact)
                     ^^^^^^^^^^^^^^^^^^^^^^^^^^^^^^^^^^^^^^^^^^^^^^^^^
test_poisson/test_2d_poisson.py:189: in <lambda>
    "xinvert_mg": lambda r, la, lo, pe=None, **kw: _solve_xinvert(r, la, lo, with_mg=True),
                                                   ^^^^^^^^^^^^^^^^^^^^^^^^^^^^^^^^^^^^^^^
test_poisson/test_2d_poisson.py:100: in _solve_xinvert
    from xinvert import invert_Poisson
E   ModuleNotFoundError: No module named 'xinvert'
_________________ Test2DPoisson.test_gaussian_wu[spectral_sh] __________________
test_poisson/test_2d_poisson.py:236: in test_gaussian_wu
    assert l2 < 0.1, f"{solver_name}: L² error {l2:.4e} > 0.1"
E   AssertionError: spectral_sh: L² error 1.0430e+01 > 0.1
E   assert 10.430156545285769 < 0.1
__________________ Test2DPoisson.test_gaussian_wu[pvtend_fft] __________________
test_poisson/test_2d_poisson.py:230: in test_gaussian_wu
    psi, n_iter, _ = solver(zeta, wu_lat, wu_lon, psi_exact=psi_exact)
                     ^^^^^^^^^^^^^^^^^^^^^^^^^^^^^^^^^^^^^^^^^^^^^^^^^
test_poisson/test_2d_poisson.py:191: in <lambda>
    "pvtend_fft": lambda r, la, lo, pe=None, **kw: _solve_pvtend_fft(r, la, lo),
                                                   ^^^^^^^^^^^^^^^^^^^^^^^^^^^^
test_poisson/test_2d_poisson.py:164: in _solve_pvtend_fft
    chi_desc = solve_poisson_spherical_fft(
../pvtend/src/pvtend/helmholtz.py:368: in solve_poisson_spherical_fft
    raise ValueError("bc_south and bc_north required for neumann BCs")
E   ValueError: bc_south and bc_north required for neumann BCs
___________________ Test2DPoisson.test_era5_500hpa[xinvert] ____________________
test_poisson/test_2d_poisson.py:251: in test_era5_500hpa
    psi, n_iter, _ = solver(zeta, wu_lat, wu_lon, psi_exact=None)
                     ^^^^^^^^^^^^^^^^^^^^^^^^^^^^^^^^^^^^^^^^^^^^
test_poisson/test_2d_poisson.py:188: in <lambda>
    "xinvert": lambda r, la, lo, pe=None, **kw: _solve_xinvert(r, la, lo, with_mg=False),
                                                ^^^^^^^^^^^^^^^^^^^^^^^^^^^^^^^^^^^^^^^^
test_poisson/test_2d_poisson.py:100: in _solve_xinvert
    from xinvert import invert_Poisson
E   ModuleNotFoundError: No module named 'xinvert'
__________________ Test2DPoisson.test_era5_500hpa[xinvert_mg] __________________
test_poisson/test_2d_poisson.py:251: in test_era5_500hpa
    psi, n_iter, _ = solver(zeta, wu_lat, wu_lon, psi_exact=None)
                     ^^^^^^^^^^^^^^^^^^^^^^^^^^^^^^^^^^^^^^^^^^^^
test_poisson/test_2d_poisson.py:189: in <lambda>
    "xinvert_mg": lambda r, la, lo, pe=None, **kw: _solve_xinvert(r, la, lo, with_mg=True),
                                                   ^^^^^^^^^^^^^^^^^^^^^^^^^^^^^^^^^^^^^^^
test_poisson/test_2d_poisson.py:100: in _solve_xinvert
    from xinvert import invert_Poisson
E   ModuleNotFoundError: No module named 'xinvert'
_________________ Test2DPoisson.test_era5_500hpa[spectral_sh] __________________
test_poisson/test_2d_poisson.py:271: in test_era5_500hpa
    assert rel_res < 1.0, f"{solver_name}: residual ratio {rel_res:.4e} > 1"
E   AssertionError: spectral_sh: residual ratio 3.2845e+11 > 1
E   assert 328454884425.90265 < 1.0
__________________ Test2DPoisson.test_era5_500hpa[pvtend_fft] __________________
test_poisson/test_2d_poisson.py:251: in test_era5_500hpa
    psi, n_iter, _ = solver(zeta, wu_lat, wu_lon, psi_exact=None)
                     ^^^^^^^^^^^^^^^^^^^^^^^^^^^^^^^^^^^^^^^^^^^^
test_poisson/test_2d_poisson.py:191: in <lambda>
    "pvtend_fft": lambda r, la, lo, pe=None, **kw: _solve_pvtend_fft(r, la, lo),
                                                   ^^^^^^^^^^^^^^^^^^^^^^^^^^^^
test_poisson/test_2d_poisson.py:164: in _solve_pvtend_fft
    chi_desc = solve_poisson_spherical_fft(
../pvtend/src/pvtend/helmholtz.py:368: in solve_poisson_spherical_fft
    raise ValueError("bc_south and bc_north required for neumann BCs")
E   ValueError: bc_south and bc_north required for neumann BCs
_____________________ Test3DHelmholtz.test_sh_3d_helmholtz _____________________
test_poisson/test_3d_helmholtz.py:220: in test_sh_3d_helmholtz
    assert l2 < 0.5, f"SH 3-D Helmholtz L² error {l2:.4e} > 0.5"
E   AssertionError: SH 3-D Helmholtz L² error 1.0512e+00 > 0.5
E   assert 1.0512203922409264 < 0.5
_____________________ Test3DHelmholtz.test_wu_3d_helmholtz _____________________
test_poisson/test_3d_helmholtz.py:232: in test_wu_3d_helmholtz
    assert l2 < 0.5, f"Wu 3-D Helmholtz L² error {l2:.4e} > 0.5"
E   AssertionError: Wu 3-D Helmholtz L² error 9.9497e-01 > 0.5
E   assert 0.99496612827918 < 0.5
________________ TestNonlinearBALNC.test_spectral_inlin1_stable ________________
test_poisson/test_nonlinear_balnc.py:350: in test_spectral_inlin1_stable
    result = run_backend_balnc_inlin1(
test_poisson/test_nonlinear_balnc.py:166: in run_backend_balnc_inlin1
    asi_k = f3d + vor[k]
            ^^^^^^^^^^^^
E   ValueError: operands could not be broadcast together with shapes (51,) (51,87)
___________________ TestNonlinearBALNC.test_compare_and_plot ___________________
test_poisson/test_nonlinear_balnc.py:367: in test_compare_and_plot
    sh_result = run_backend_balnc_inlin1(
test_poisson/test_nonlinear_balnc.py:166: in run_backend_balnc_inlin1
    asi_k = f3d + vor[k]
            ^^^^^^^^^^^^
E   ValueError: operands could not be broadcast together with shapes (51,) (51,87)
=============================== warnings summary ===============================
test_poisson/test_nonlinear_balnc.py::TestNonlinearBALNC::test_wu_inlin1_converges
  /net/flood/home/x_yan/.conda/envs/blocking/lib/python3.12/site-packages/numba/core/typed_passes.py:338: NumbaPerformanceWarning: 
  The keyword argument 'parallel=True' was specified but no transformation for parallel execution was possible.
  
  To find out why, try turning on parallel diagnostics, see https://numba.readthedocs.io/en/stable/user/parallel.html#diagnostics for help.
  
  File "wu_python/core/fd_ops.py", line 44:
  @_maybe_jit
  def _laplacian_5pt_kernel(psi: np.ndarray, out: np.ndarray) -> None:
  ^
  
    warnings.warn(errors.NumbaPerformanceWarning(msg,

-- Docs: https://docs.pytest.org/en/stable/how-to/capture-warnings.html
=========================== short test summary info ============================
FAILED test_poisson/test_2d_poisson.py::Test2DPoisson::test_sph_harm_l5m3[wu_sor]
FAILED test_poisson/test_2d_poisson.py::Test2DPoisson::test_sph_harm_l5m3[xinvert]
FAILED test_poisson/test_2d_poisson.py::Test2DPoisson::test_sph_harm_l5m3[xinvert_mg]
FAILED test_poisson/test_2d_poisson.py::Test2DPoisson::test_sph_harm_l5m3[spectral_sh]
FAILED test_poisson/test_2d_poisson.py::Test2DPoisson::test_sph_harm_l5m3[pvtend_fft]
FAILED test_poisson/test_2d_poisson.py::Test2DPoisson::test_gaussian_wu[wu_sor]
FAILED test_poisson/test_2d_poisson.py::Test2DPoisson::test_gaussian_wu[xinvert]
FAILED test_poisson/test_2d_poisson.py::Test2DPoisson::test_gaussian_wu[xinvert_mg]
FAILED test_poisson/test_2d_poisson.py::Test2DPoisson::test_gaussian_wu[spectral_sh]
FAILED test_poisson/test_2d_poisson.py::Test2DPoisson::test_gaussian_wu[pvtend_fft]
FAILED test_poisson/test_2d_poisson.py::Test2DPoisson::test_era5_500hpa[xinvert]
FAILED test_poisson/test_2d_poisson.py::Test2DPoisson::test_era5_500hpa[xinvert_mg]
FAILED test_poisson/test_2d_poisson.py::Test2DPoisson::test_era5_500hpa[spectral_sh]
FAILED test_poisson/test_2d_poisson.py::Test2DPoisson::test_era5_500hpa[pvtend_fft]
FAILED test_poisson/test_3d_helmholtz.py::Test3DHelmholtz::test_sh_3d_helmholtz
FAILED test_poisson/test_3d_helmholtz.py::Test3DHelmholtz::test_wu_3d_helmholtz
FAILED test_poisson/test_nonlinear_balnc.py::TestNonlinearBALNC::test_spectral_inlin1_stable
FAILED test_poisson/test_nonlinear_balnc.py::TestNonlinearBALNC::test_compare_and_plot
============= 18 failed, 3 passed, 1 warning in 156.23s (0:02:36) ==============

